C51 COMPILER V9.56.0.0   STC12C5A60S2_ADC                                                  07/03/2018 09:36:39 PAGE 1   


C51 COMPILER V9.56.0.0, COMPILATION OF MODULE STC12C5A60S2_ADC
OBJECT MODULE PLACED IN .\Objects\STC12C5A60S2_ADC.obj
COMPILER INVOKED BY: D:\Program Files\Keil_v5\C51\BIN\C51.EXE STC12C5A60S2_ADC.c OPTIMIZE(8,SPEED) BROWSE DEBUG OBJECTEX
                    -TEND PRINT(.\Listings\STC12C5A60S2_ADC.lst) TABS(2) OBJECT(.\Objects\STC12C5A60S2_ADC.obj)

line level    source

   1          #include "reg52.h"
   2          #include "intrins.h"
   3          typedef unsigned char uchar;
   4          typedef unsigned int uint;
   5          
   6          sfr ADC_CONTR=0xBC;
   7          sfr ADC_RES=0xBD;
   8          sfr ADC_LOW2=0xBE;
   9          sfr P1ASF=0x9D;
  10          
  11          #define ADC_POWER 0x80
  12          #define ADC_FLAG 0x10
  13          #define ADC_START 0x08
  14          #define ADC_SPEEDLL 0x00
  15          #define ADC_SPEEDL 0x20
  16          #define ADC_SPEEDH 0x40
  17          #define ADC_SPEEDHH 0x60
  18          sbit Angle=P1^0;
  19          
  20          void InitUart();
  21          void InitADC();
  22          void SendData(uchar dat);
  23          uchar GetADCResult(uchar ch);
  24          void Delay_ADC(uint n);
  25          void ShowResult(uchar ch);
  26          void delay(uint z);
  27          
  28          void main()
  29          {
  30   1        InitUart();
  31   1        InitADC();
  32   1        while(1)
  33   1        {
  34   2          ShowResult(0);
  35   2          delay(100);
  36   2        }
  37   1      }
  38          
  39          void ShowResult(uchar ch)
  40          {
  41   1        SendData(ch);
  42   1        SendData(GetADCResult(ch));
  43   1      }
  44          
  45          uchar GetADCResult(uchar ch)
  46          {
  47   1        ADC_CONTR=ADC_POWER|ADC_SPEEDLL|ch|ADC_START;
  48   1        _nop_();
  49   1        _nop_();
  50   1        _nop_();
  51   1        _nop_();
  52   1        while(!(ADC_CONTR&ADC_FLAG));
  53   1        ADC_CONTR&=~ADC_FLAG;
  54   1        
C51 COMPILER V9.56.0.0   STC12C5A60S2_ADC                                                  07/03/2018 09:36:39 PAGE 2   

  55   1        return ADC_RES;
  56   1      }
  57          
  58          void InitUart()
  59          {
  60   1        SCON=0x5a;
  61   1        TMOD=0x20;
  62   1        TH1=0xfd;
  63   1        TL1=0xfd;
  64   1        TR1=1;
  65   1      }
  66          
  67          void InitADC()
  68          {
  69   1        P1ASF=0x1c;
  70   1        Angle=1;
  71   1        ADC_RES=0;
  72   1        ADC_CONTR=ADC_POWER|ADC_SPEEDLL;
  73   1        Delay_ADC(2);
  74   1      }
  75          
  76          void SendData(uchar dat)
  77          {
  78   1        while(!TI);
  79   1        TI=0;
  80   1        SBUF=dat;
  81   1      }
  82          
  83          void Delay_ADC(uint n)
  84          {
  85   1        uint x;
  86   1        while(n--)
  87   1        {
  88   2          x=5000;
  89   2          while(x--);
  90   2        }
  91   1      }
  92          
  93          void delay(uint z)
  94          {
  95   1        uint x,y;
  96   1        for(x=z;x>0;x--)
  97   1          for(y=10000;y>0;y--);
  98   1      }


MODULE INFORMATION:   STATIC OVERLAYABLE
   CODE SIZE        =    150    ----
   CONSTANT SIZE    =   ----    ----
   XDATA SIZE       =   ----    ----
   PDATA SIZE       =   ----    ----
   DATA SIZE        =   ----       1
   IDATA SIZE       =   ----    ----
   BIT SIZE         =   ----    ----
END OF MODULE INFORMATION.


C51 COMPILATION COMPLETE.  0 WARNING(S),  0 ERROR(S)
